<?xml version="1.0" encoding="UTF-8"?>
<!-- Generated by org.testng.reporters.JUnitReportReporter -->
<testsuite hostname="P3BLAP-138M1D6" failures="0" tests="2" name="Automation.tests.StandaloneTest" time="38.660" errors="0" timestamp="2024-02-22T12:32:02 IST" skipped="0">
  <testcase classname="Automation.tests.StandaloneTest" name="submitOrder" time="19.740"/>
  <testcase classname="Automation.tests.StandaloneTest" name="submitOrder" time="18.920"/>
</testsuite> <!-- Automation.tests.StandaloneTest -->
