<?xml version="1.0" encoding="UTF-8"?>
<!-- Generated by org.testng.reporters.JUnitReportReporter -->
<testsuite hostname="P3BLAP-138M1D6" failures="0" tests="1" name="Automation.tests.ErrorValidation" time="44.462" errors="0" timestamp="2024-02-20T21:00:41 IST" skipped="0">
  <testcase classname="Automation.tests.ErrorValidation" name="loginErrorValidation" time="44.462"/>
</testsuite> <!-- Automation.tests.ErrorValidation -->
